<?xml version="1.0" encoding="UTF-8"?>
<!-- Generated by org.testng.reporters.JUnitReportReporter -->
<testsuite hostname="DESKTOP-5BKKI8L" failures="0" tests="2" name="com.allianz.test.LoginUITest" time="70.881" errors="0" timestamp="2024-05-14T02:21:02 PDT" skipped="0">
  <testcase classname="com.allianz.test.LoginUITest" name="titleTest" time="42.659"/>
  <testcase classname="com.allianz.test.LoginUITest" name="applicationDescriptionTest" time="28.222"/>
</testsuite> <!-- com.allianz.test.LoginUITest -->
