<?xml version="1.0" encoding="UTF-8"?>
<!-- Generated by org.testng.reporters.JUnitReportReporter -->
<testsuite hostname="DESKTOP-5BKKI8L" failures="0" tests="3" name="com.allianz.test.ZDemoTest" time="14.817" errors="0" timestamp="2024-04-15T23:32:05 PDT" skipped="0">
  <testcase classname="com.allianz.test.ZDemoTest" name="validTest" time="3.756"/>
  <testcase classname="com.allianz.test.ZDemoTest" name="validTest" time="8.092"/>
  <testcase classname="com.allianz.test.ZDemoTest" name="validTest" time="2.969"/>
</testsuite> <!-- com.allianz.test.ZDemoTest -->
