<?xml version="1.0" encoding="UTF-8"?>
<!-- Generated by org.testng.reporters.JUnitReportReporter -->
<testsuite hostname="DESKTOP-5BKKI8L" failures="0" tests="1" name="com.allianz.test.LoginUITest" time="11.446" errors="0" timestamp="2024-04-04T00:04:46 PDT" skipped="0">
  <testcase classname="com.allianz.test.LoginUITest" name="validLoginTest" time="11.446"/>
</testsuite> <!-- com.allianz.test.LoginUITest -->
