<?xml version="1.0" encoding="UTF-8"?>
<!-- Generated by org.testng.reporters.JUnitReportReporter -->
<testsuite hostname="DESKTOP-5BKKI8L" failures="0" tests="2" name="com.allianz.test.LoginTest" time="44.716" errors="0" timestamp="2024-04-22T23:43:16 PDT" skipped="0">
  <testcase classname="com.allianz.test.LoginTest" name="validLoginTest" time="27.354"/>
  <testcase classname="com.allianz.test.LoginTest" name="validLoginTest" time="17.362"/>
</testsuite> <!-- com.allianz.test.LoginTest -->
