<?xml version="1.0" encoding="UTF-8"?>
<!-- Generated by org.testng.reporters.JUnitReportReporter -->
<testsuite hostname="DESKTOP-5BKKI8L" failures="0" tests="1" name="com.allianz.test.LoginTest" time="19.297" errors="0" timestamp="2024-04-04T00:07:44 PDT" skipped="0">
  <testcase classname="com.allianz.test.LoginTest" name="validLoginTest" time="19.297"/>
</testsuite> <!-- com.allianz.test.LoginTest -->
