<?xml version="1.0" encoding="UTF-8"?>
<!-- Generated by org.testng.reporters.JUnitReportReporter -->
<testsuite hostname="DESKTOP-5BKKI8L" failures="0" tests="2" name="com.allianz.test.LoginUITest" time="17.140" errors="0" timestamp="2024-04-03T23:35:42 PDT" skipped="0">
  <testcase classname="com.allianz.test.LoginUITest" name="applicationDescriptionTest" time="10.405"/>
  <testcase classname="com.allianz.test.LoginUITest" name="titleTest" time="6.735"/>
</testsuite> <!-- com.allianz.test.LoginUITest -->
