<?xml version="1.0" encoding="UTF-8"?>
<!-- Generated by org.testng.reporters.JUnitReportReporter -->
<testsuite hostname="DESKTOP-5BKKI8L" failures="0" tests="5" name="com.allianz.test.LoginTest" time="115.583" errors="0" timestamp="2024-05-14T02:25:23 PDT" skipped="0">
  <testcase classname="com.allianz.test.LoginTest" name="invalidLoginTest" time="12.005"/>
  <testcase classname="com.allianz.test.LoginTest" name="validLoginTest" time="34.457"/>
  <testcase classname="com.allianz.test.LoginTest" name="validLoginTest" time="25.449"/>
  <testcase classname="com.allianz.test.LoginTest" name="invalidLoginTest" time="25.686"/>
  <testcase classname="com.allianz.test.LoginTest" name="invalidLoginTest" time="17.986"/>
</testsuite> <!-- com.allianz.test.LoginTest -->
