<?xml version="1.0" encoding="UTF-8"?>
<!-- Generated by org.testng.reporters.JUnitReportReporter -->
<testsuite hostname="DESKTOP-5BKKI8L" failures="0" tests="1" name="com.allianz.test.PetManageTest" time="6.342" errors="0" timestamp="2024-05-15T02:54:59 PDT" skipped="0">
  <testcase classname="com.allianz.test.PetManageTest" name="deleteInvalidPetTest" time="6.342"/>
</testsuite> <!-- com.allianz.test.PetManageTest -->
