<?xml version="1.0" encoding="UTF-8"?>
<!-- Generated by org.testng.reporters.JUnitReportReporter -->
<testsuite hostname="DESKTOP-5BKKI8L" failures="0" tests="1" name="com.allianz.test.LoginUITest" time="21.306" errors="0" timestamp="2024-04-30T00:48:49 PDT" skipped="0">
  <testcase classname="com.allianz.test.LoginUITest" name="titleTest" time="21.306"/>
</testsuite> <!-- com.allianz.test.LoginUITest -->
