<?xml version="1.0" encoding="UTF-8"?>
<!-- Generated by org.testng.reporters.JUnitReportReporter -->
<testsuite hostname="DESKTOP-5BKKI8L" failures="0" tests="4" name="com.allianz.test.LoginUITest" time="0.067" errors="0" timestamp="2024-04-02T00:14:04 PDT" skipped="0">
  <testcase classname="com.allianz.test.LoginUITest" name="applicationDescriptionTest" time="0.040"/>
  <testcase classname="com.allianz.test.LoginUITest" name="titleTest" time="0.012"/>
  <testcase classname="com.allianz.test.LoginUITest" name="titleTest" time="0.010"/>
  <testcase classname="com.allianz.test.LoginUITest" name="titleTest" time="0.005"/>
</testsuite> <!-- com.allianz.test.LoginUITest -->
