<?xml version="1.0" encoding="UTF-8"?>
<!-- Generated by org.testng.reporters.JUnitReportReporter -->
<testsuite hostname="DESKTOP-5BKKI8L" failures="0" tests="2" name="com.allianz.test.LoginTest" time="25.115" errors="0" timestamp="2024-04-30T00:48:49 PDT" skipped="0">
  <testcase classname="com.allianz.test.LoginTest" name="validLoginTest" time="13.241"/>
  <testcase classname="com.allianz.test.LoginTest" name="validLoginTest" time="11.874"/>
</testsuite> <!-- com.allianz.test.LoginTest -->
