<?xml version="1.0" encoding="UTF-8"?>
<!-- Generated by org.testng.reporters.JUnitReportReporter -->
<testsuite hostname="DESKTOP-5BKKI8L" failures="0" tests="2" name="com.allianz.test.LoginTest" time="30.223" errors="0" timestamp="2024-04-15T23:01:43 PDT" skipped="0">
  <testcase classname="com.allianz.test.LoginTest" name="invalidLoginTest" time="15.217"/>
  <testcase classname="com.allianz.test.LoginTest" name="validLoginTest" time="15.006"/>
</testsuite> <!-- com.allianz.test.LoginTest -->
