<?xml version="1.0" encoding="UTF-8"?>
<!-- Generated by org.testng.reporters.JUnitReportReporter -->
<testsuite hostname="DESKTOP-5BKKI8L" failures="0" tests="2" name="com.allianz.test.LoginTest" time="64.597" errors="0" timestamp="2024-04-16T00:15:45 PDT" skipped="0">
  <testcase classname="com.allianz.test.LoginTest" name="invalidLoginTest" time="23.941"/>
  <testcase classname="com.allianz.test.LoginTest" name="invalidLoginTest" time="40.656"/>
</testsuite> <!-- com.allianz.test.LoginTest -->
