<?xml version="1.0" encoding="UTF-8"?>
<!-- Generated by org.testng.reporters.JUnitReportReporter -->
<testsuite hostname="DESKTOP-5BKKI8L" failures="0" tests="3" name="com.allianz.test.LoginTest" time="365.142" errors="0" timestamp="2024-04-25T00:19:13 PDT" skipped="0">
  <testcase classname="com.allianz.test.LoginTest" name="invalidLoginTest" time="39.026"/>
  <testcase classname="com.allianz.test.LoginTest" name="invalidLoginTest" time="32.289"/>
  <testcase classname="com.allianz.test.LoginTest" name="invalidLoginTest" time="293.827"/>
</testsuite> <!-- com.allianz.test.LoginTest -->
