<?xml version="1.0" encoding="UTF-8"?>
<!-- Generated by org.testng.reporters.JUnitReportReporter -->
<testsuite hostname="DESKTOP-5BKKI8L" failures="0" tests="1" name="com.allianz.test.DemoReadJson" time="0.403" errors="0" timestamp="2024-05-15T03:57:07 PDT" skipped="0">
  <testcase classname="com.allianz.test.DemoReadJson" name="readJosn" time="0.403"/>
</testsuite> <!-- com.allianz.test.DemoReadJson -->
