<?xml version="1.0" encoding="UTF-8"?>
<!-- Generated by org.testng.reporters.JUnitReportReporter -->
<testsuite hostname="DESKTOP-5BKKI8L" failures="0" tests="2" name="com.allianz.test.LoginUITest" time="27.722" errors="0" timestamp="2024-05-03T00:23:25 PDT" skipped="0">
  <testcase classname="com.allianz.test.LoginUITest" name="titleTest" time="15.370"/>
  <testcase classname="com.allianz.test.LoginUITest" name="applicationDescriptionTest" time="12.352"/>
</testsuite> <!-- com.allianz.test.LoginUITest -->
